2024-12-02 16:16:31,939 - DEBUG - Skipping Selenium Manager; path to chrome driver specified in Service class: \\ibc124\PROJETO_RPA\Robôs\RB_BC_03\_internal\chromedriver.exe
2024-12-02 16:16:36,115 - DEBUG - Started executable: `\\ibc124\PROJETO_RPA\Robôs\RB_BC_03\_internal\chromedriver.exe` in a child process with pid: 13028 using 0 to output -3
2024-12-02 16:16:36,197 - DEBUG - POST http://localhost:50756/session {'capabilities': {'firstMatch': [{}], 'alwaysMatch': {'browserName': 'chrome', 'pageLoadStrategy': <PageLoadStrategy.normal: 'normal'>, 'goog:chromeOptions': {'extensions': [], 'args': []}}}}
2024-12-02 16:16:36,198 - DEBUG - Starting new HTTP connection (1): localhost:50756
2024-12-02 16:16:37,147 - DEBUG - http://localhost:50756 "POST /session HTTP/11" 200 0
2024-12-02 16:16:37,147 - DEBUG - Remote response: status=200 | data={"value":{"capabilities":{"acceptInsecureCerts":false,"browserName":"chrome","browserVersion":"131.0.6778.86","chrome":{"chromedriverVersion":"131.0.6778.69 (77e2244bbcda3ab9362d5b8aeeb006a86a6d4832-refs/branch-heads/6778@{#2141})","userDataDir":"C:\\Users\\5019508\\AppData\\Local\\Temp\\scoped_dir13028_977087192"},"fedcm:accounts":true,"goog:chromeOptions":{"debuggerAddress":"localhost:50760"},"networkConnectionEnabled":false,"pageLoadStrategy":"normal","platformName":"windows","proxy":{},"setWindowRect":true,"strictFileInteractability":false,"timeouts":{"implicit":0,"pageLoad":300000,"script":30000},"unhandledPromptBehavior":"dismiss and notify","webauthn:extension:credBlob":true,"webauthn:extension:largeBlob":true,"webauthn:extension:minPinLength":true,"webauthn:extension:prf":true,"webauthn:virtualAuthenticators":true},"sessionId":"504e51988ab4de40ef055cdf987db177"}} | headers=HTTPHeaderDict({'Content-Length': '883', 'Content-Type': 'application/json; charset=utf-8', 'cache-control': 'no-cache'})
2024-12-02 16:16:37,147 - DEBUG - Finished Request
2024-12-02 16:16:37,149 - DEBUG - POST http://localhost:50756/session/504e51988ab4de40ef055cdf987db177/url {'url': 'https://fs.bcnet.bcb.gov.br/adfs/oauth2/authorize/?client_id=BC-COFRE-BCCORREIO&redirect_uri=https%3...'}
2024-12-02 16:16:37,892 - DEBUG - http://localhost:50756 "POST /session/504e51988ab4de40ef055cdf987db177/url HTTP/11" 200 0
2024-12-02 16:16:37,892 - DEBUG - Remote response: status=200 | data={"value":null} | headers=HTTPHeaderDict({'Content-Length': '14', 'Content-Type': 'application/json; charset=utf-8', 'cache-control': 'no-cache'})
2024-12-02 16:16:37,892 - DEBUG - Finished Request
2024-12-02 16:16:37,893 - DEBUG - POST http://localhost:50756/session/504e51988ab4de40ef055cdf987db177/element {'using': 'css selector', 'value': '[id="userNameInput"]'}
2024-12-02 16:16:37,913 - DEBUG - http://localhost:50756 "POST /session/504e51988ab4de40ef055cdf987db177/element HTTP/11" 200 0
2024-12-02 16:16:37,913 - DEBUG - Remote response: status=200 | data={"value":{"element-6066-11e4-a52e-4f735466cecf":"f.723E1FD4B2F9A19B22F300EACAC5C3C1.d.DAAFD85E65FF91983B4C67B6D3BA5BBD.e.2"}} | headers=HTTPHeaderDict({'Content-Length': '125', 'Content-Type': 'application/json; charset=utf-8', 'cache-control': 'no-cache'})
2024-12-02 16:16:37,913 - DEBUG - Finished Request
2024-12-02 16:16:37,913 - DEBUG - POST http://localhost:50756/session/504e51988ab4de40ef055cdf987db177/element/f.723E1FD4B2F9A19B22F300EACAC5C3C1.d.DAAFD85E65FF91983B4C67B6D3BA5BBD.e.2/clear {}
2024-12-02 16:16:37,974 - DEBUG - http://localhost:50756 "POST /session/504e51988ab4de40ef055cdf987db177/element/f.723E1FD4B2F9A19B22F300EACAC5C3C1.d.DAAFD85E65FF91983B4C67B6D3BA5BBD.e.2/clear HTTP/11" 200 0
2024-12-02 16:16:37,975 - DEBUG - Remote response: status=200 | data={"value":null} | headers=HTTPHeaderDict({'Content-Length': '14', 'Content-Type': 'application/json; charset=utf-8', 'cache-control': 'no-cache'})
2024-12-02 16:16:37,975 - DEBUG - Finished Request
2024-12-02 16:16:37,975 - DEBUG - POST http://localhost:50756/session/504e51988ab4de40ef055cdf987db177/element {'using': 'css selector', 'value': '[id="userNameInput"]'}
2024-12-02 16:16:37,993 - DEBUG - http://localhost:50756 "POST /session/504e51988ab4de40ef055cdf987db177/element HTTP/11" 200 0
2024-12-02 16:16:37,994 - DEBUG - Remote response: status=200 | data={"value":{"element-6066-11e4-a52e-4f735466cecf":"f.723E1FD4B2F9A19B22F300EACAC5C3C1.d.DAAFD85E65FF91983B4C67B6D3BA5BBD.e.2"}} | headers=HTTPHeaderDict({'Content-Length': '125', 'Content-Type': 'application/json; charset=utf-8', 'cache-control': 'no-cache'})
2024-12-02 16:16:37,994 - DEBUG - Finished Request
2024-12-02 16:16:37,994 - DEBUG - POST http://localhost:50756/session/504e51988ab4de40ef055cdf987db177/element/f.723E1FD4B2F9A19B22F300EACAC5C3C1.d.DAAFD85E65FF91983B4C67B6D3BA5BBD.e.2/value {'text': 'bcnet\\002010001.LENEVES', 'value': ['b', 'c', 'n', 'e', 't', '\\', '0', '0', '2', '0', '1', '0', '0', '0', '1', '.', 'L', 'E', 'N', 'E', 'V', 'E', 'S']}
2024-12-02 16:16:38,160 - DEBUG - http://localhost:50756 "POST /session/504e51988ab4de40ef055cdf987db177/element/f.723E1FD4B2F9A19B22F300EACAC5C3C1.d.DAAFD85E65FF91983B4C67B6D3BA5BBD.e.2/value HTTP/11" 200 0
2024-12-02 16:16:38,160 - DEBUG - Remote response: status=200 | data={"value":null} | headers=HTTPHeaderDict({'Content-Length': '14', 'Content-Type': 'application/json; charset=utf-8', 'cache-control': 'no-cache'})
2024-12-02 16:16:38,161 - DEBUG - Finished Request
2024-12-02 16:16:38,161 - DEBUG - POST http://localhost:50756/session/504e51988ab4de40ef055cdf987db177/element {'using': 'css selector', 'value': '[id="passwordInput"]'}
2024-12-02 16:16:38,176 - DEBUG - http://localhost:50756 "POST /session/504e51988ab4de40ef055cdf987db177/element HTTP/11" 200 0
2024-12-02 16:16:38,176 - DEBUG - Remote response: status=200 | data={"value":{"element-6066-11e4-a52e-4f735466cecf":"f.723E1FD4B2F9A19B22F300EACAC5C3C1.d.DAAFD85E65FF91983B4C67B6D3BA5BBD.e.4"}} | headers=HTTPHeaderDict({'Content-Length': '125', 'Content-Type': 'application/json; charset=utf-8', 'cache-control': 'no-cache'})
2024-12-02 16:16:38,178 - DEBUG - Finished Request
2024-12-02 16:16:38,178 - DEBUG - POST http://localhost:50756/session/504e51988ab4de40ef055cdf987db177/element/f.723E1FD4B2F9A19B22F300EACAC5C3C1.d.DAAFD85E65FF91983B4C67B6D3BA5BBD.e.4/clear {}
2024-12-02 16:16:38,208 - DEBUG - http://localhost:50756 "POST /session/504e51988ab4de40ef055cdf987db177/element/f.723E1FD4B2F9A19B22F300EACAC5C3C1.d.DAAFD85E65FF91983B4C67B6D3BA5BBD.e.4/clear HTTP/11" 200 0
2024-12-02 16:16:38,217 - DEBUG - Remote response: status=200 | data={"value":null} | headers=HTTPHeaderDict({'Content-Length': '14', 'Content-Type': 'application/json; charset=utf-8', 'cache-control': 'no-cache'})
2024-12-02 16:16:38,217 - DEBUG - Finished Request
2024-12-02 16:16:38,217 - DEBUG - POST http://localhost:50756/session/504e51988ab4de40ef055cdf987db177/element {'using': 'css selector', 'value': '[id="passwordInput"]'}
2024-12-02 16:16:38,233 - DEBUG - http://localhost:50756 "POST /session/504e51988ab4de40ef055cdf987db177/element HTTP/11" 200 0
2024-12-02 16:16:38,233 - DEBUG - Remote response: status=200 | data={"value":{"element-6066-11e4-a52e-4f735466cecf":"f.723E1FD4B2F9A19B22F300EACAC5C3C1.d.DAAFD85E65FF91983B4C67B6D3BA5BBD.e.4"}} | headers=HTTPHeaderDict({'Content-Length': '125', 'Content-Type': 'application/json; charset=utf-8', 'cache-control': 'no-cache'})
2024-12-02 16:16:38,235 - DEBUG - Finished Request
2024-12-02 16:16:38,235 - DEBUG - POST http://localhost:50756/session/504e51988ab4de40ef055cdf987db177/element/f.723E1FD4B2F9A19B22F300EACAC5C3C1.d.DAAFD85E65FF91983B4C67B6D3BA5BBD.e.4/value {'text': '@Bela302', 'value': ['@', 'B', 'e', 'l', 'a', '3', '0', '2']}
2024-12-02 16:16:38,364 - DEBUG - http://localhost:50756 "POST /session/504e51988ab4de40ef055cdf987db177/element/f.723E1FD4B2F9A19B22F300EACAC5C3C1.d.DAAFD85E65FF91983B4C67B6D3BA5BBD.e.4/value HTTP/11" 200 0
2024-12-02 16:16:38,364 - DEBUG - Remote response: status=200 | data={"value":null} | headers=HTTPHeaderDict({'Content-Length': '14', 'Content-Type': 'application/json; charset=utf-8', 'cache-control': 'no-cache'})
2024-12-02 16:16:38,366 - DEBUG - Finished Request
2024-12-02 16:16:38,366 - DEBUG - POST http://localhost:50756/session/504e51988ab4de40ef055cdf987db177/element {'using': 'css selector', 'value': '[id="submitButton"]'}
2024-12-02 16:16:38,386 - DEBUG - http://localhost:50756 "POST /session/504e51988ab4de40ef055cdf987db177/element HTTP/11" 200 0
2024-12-02 16:16:38,386 - DEBUG - Remote response: status=200 | data={"value":{"element-6066-11e4-a52e-4f735466cecf":"f.723E1FD4B2F9A19B22F300EACAC5C3C1.d.DAAFD85E65FF91983B4C67B6D3BA5BBD.e.15"}} | headers=HTTPHeaderDict({'Content-Length': '126', 'Content-Type': 'application/json; charset=utf-8', 'cache-control': 'no-cache'})
2024-12-02 16:16:38,386 - DEBUG - Finished Request
2024-12-02 16:16:38,386 - DEBUG - POST http://localhost:50756/session/504e51988ab4de40ef055cdf987db177/element/f.723E1FD4B2F9A19B22F300EACAC5C3C1.d.DAAFD85E65FF91983B4C67B6D3BA5BBD.e.15/click {}
2024-12-02 16:16:38,829 - DEBUG - http://localhost:50756 "POST /session/504e51988ab4de40ef055cdf987db177/element/f.723E1FD4B2F9A19B22F300EACAC5C3C1.d.DAAFD85E65FF91983B4C67B6D3BA5BBD.e.15/click HTTP/11" 200 0
2024-12-02 16:16:38,830 - DEBUG - Remote response: status=200 | data={"value":null} | headers=HTTPHeaderDict({'Content-Length': '14', 'Content-Type': 'application/json; charset=utf-8', 'cache-control': 'no-cache'})
2024-12-02 16:16:38,830 - DEBUG - Finished Request
2024-12-02 16:16:43,831 - DEBUG - POST http://localhost:50756/session/504e51988ab4de40ef055cdf987db177/url {'url': 'https://bccorreio.bcb.gov.br/bccorreio/Correio/CaixaDeEntrada.aspx'}
2024-12-02 16:16:46,039 - DEBUG - http://localhost:50756 "POST /session/504e51988ab4de40ef055cdf987db177/url HTTP/11" 200 0
2024-12-02 16:16:46,039 - DEBUG - Remote response: status=200 | data={"value":null} | headers=HTTPHeaderDict({'Content-Length': '14', 'Content-Type': 'application/json; charset=utf-8', 'cache-control': 'no-cache'})
2024-12-02 16:16:46,039 - DEBUG - Finished Request
2024-12-02 16:16:46,039 - DEBUG - POST http://localhost:50756/session/504e51988ab4de40ef055cdf987db177/element {'using': 'css selector', 'value': '[id="ctl00_ctl00_ctl00_MainContent_ConteudoPlaceHolder_tbPesquisa_tbMensagens_drpFiltroPeriodosPesqu...'}
2024-12-02 16:16:46,053 - DEBUG - http://localhost:50756 "POST /session/504e51988ab4de40ef055cdf987db177/element HTTP/11" 200 0
2024-12-02 16:16:46,053 - DEBUG - Remote response: status=200 | data={"value":{"element-6066-11e4-a52e-4f735466cecf":"f.723E1FD4B2F9A19B22F300EACAC5C3C1.d.C275A81884E7369CB3E74140044799BD.e.48"}} | headers=HTTPHeaderDict({'Content-Length': '126', 'Content-Type': 'application/json; charset=utf-8', 'cache-control': 'no-cache'})
2024-12-02 16:16:46,053 - DEBUG - Finished Request
2024-12-02 16:16:46,053 - DEBUG - GET http://localhost:50756/session/504e51988ab4de40ef055cdf987db177/element/f.723E1FD4B2F9A19B22F300EACAC5C3C1.d.C275A81884E7369CB3E74140044799BD.e.48/name {}
2024-12-02 16:16:46,056 - DEBUG - http://localhost:50756 "GET /session/504e51988ab4de40ef055cdf987db177/element/f.723E1FD4B2F9A19B22F300EACAC5C3C1.d.C275A81884E7369CB3E74140044799BD.e.48/name HTTP/11" 200 0
2024-12-02 16:16:46,056 - DEBUG - Remote response: status=200 | data={"value":"select"} | headers=HTTPHeaderDict({'Content-Length': '18', 'Content-Type': 'application/json; charset=utf-8', 'cache-control': 'no-cache'})
2024-12-02 16:16:46,063 - DEBUG - Finished Request
2024-12-02 16:16:46,063 - DEBUG - GET http://localhost:50756/session/504e51988ab4de40ef055cdf987db177/element/f.723E1FD4B2F9A19B22F300EACAC5C3C1.d.C275A81884E7369CB3E74140044799BD.e.48/attribute/multiple {}
2024-12-02 16:16:46,069 - DEBUG - http://localhost:50756 "GET /session/504e51988ab4de40ef055cdf987db177/element/f.723E1FD4B2F9A19B22F300EACAC5C3C1.d.C275A81884E7369CB3E74140044799BD.e.48/attribute/multiple HTTP/11" 200 0
2024-12-02 16:16:46,071 - DEBUG - Remote response: status=200 | data={"value":null} | headers=HTTPHeaderDict({'Content-Length': '14', 'Content-Type': 'application/json; charset=utf-8', 'cache-control': 'no-cache'})
2024-12-02 16:16:46,071 - DEBUG - Finished Request
2024-12-02 16:16:46,071 - DEBUG - POST http://localhost:50756/session/504e51988ab4de40ef055cdf987db177/element/f.723E1FD4B2F9A19B22F300EACAC5C3C1.d.C275A81884E7369CB3E74140044799BD.e.48/elements {'using': 'css selector', 'value': 'option[value ="6"]'}
2024-12-02 16:16:46,088 - DEBUG - http://localhost:50756 "POST /session/504e51988ab4de40ef055cdf987db177/element/f.723E1FD4B2F9A19B22F300EACAC5C3C1.d.C275A81884E7369CB3E74140044799BD.e.48/elements HTTP/11" 200 0
2024-12-02 16:16:46,088 - DEBUG - Remote response: status=200 | data={"value":[{"element-6066-11e4-a52e-4f735466cecf":"f.723E1FD4B2F9A19B22F300EACAC5C3C1.d.C275A81884E7369CB3E74140044799BD.e.76"}]} | headers=HTTPHeaderDict({'Content-Length': '128', 'Content-Type': 'application/json; charset=utf-8', 'cache-control': 'no-cache'})
2024-12-02 16:16:46,090 - DEBUG - Finished Request
2024-12-02 16:16:46,090 - DEBUG - GET http://localhost:50756/session/504e51988ab4de40ef055cdf987db177/element/f.723E1FD4B2F9A19B22F300EACAC5C3C1.d.C275A81884E7369CB3E74140044799BD.e.76/selected {}
2024-12-02 16:16:46,102 - DEBUG - http://localhost:50756 "GET /session/504e51988ab4de40ef055cdf987db177/element/f.723E1FD4B2F9A19B22F300EACAC5C3C1.d.C275A81884E7369CB3E74140044799BD.e.76/selected HTTP/11" 200 0
2024-12-02 16:16:46,102 - DEBUG - Remote response: status=200 | data={"value":false} | headers=HTTPHeaderDict({'Content-Length': '15', 'Content-Type': 'application/json; charset=utf-8', 'cache-control': 'no-cache'})
2024-12-02 16:16:46,104 - DEBUG - Finished Request
2024-12-02 16:16:46,104 - DEBUG - GET http://localhost:50756/session/504e51988ab4de40ef055cdf987db177/element/f.723E1FD4B2F9A19B22F300EACAC5C3C1.d.C275A81884E7369CB3E74140044799BD.e.76/enabled {}
2024-12-02 16:16:46,112 - DEBUG - http://localhost:50756 "GET /session/504e51988ab4de40ef055cdf987db177/element/f.723E1FD4B2F9A19B22F300EACAC5C3C1.d.C275A81884E7369CB3E74140044799BD.e.76/enabled HTTP/11" 200 0
2024-12-02 16:16:46,112 - DEBUG - Remote response: status=200 | data={"value":true} | headers=HTTPHeaderDict({'Content-Length': '14', 'Content-Type': 'application/json; charset=utf-8', 'cache-control': 'no-cache'})
2024-12-02 16:16:46,112 - DEBUG - Finished Request
2024-12-02 16:16:46,112 - DEBUG - POST http://localhost:50756/session/504e51988ab4de40ef055cdf987db177/element/f.723E1FD4B2F9A19B22F300EACAC5C3C1.d.C275A81884E7369CB3E74140044799BD.e.76/click {}
2024-12-02 16:16:46,157 - DEBUG - http://localhost:50756 "POST /session/504e51988ab4de40ef055cdf987db177/element/f.723E1FD4B2F9A19B22F300EACAC5C3C1.d.C275A81884E7369CB3E74140044799BD.e.76/click HTTP/11" 200 0
2024-12-02 16:16:46,157 - DEBUG - Remote response: status=200 | data={"value":null} | headers=HTTPHeaderDict({'Content-Length': '14', 'Content-Type': 'application/json; charset=utf-8', 'cache-control': 'no-cache'})
2024-12-02 16:16:46,157 - DEBUG - Finished Request
2024-12-02 16:16:46,157 - DEBUG - POST http://localhost:50756/session/504e51988ab4de40ef055cdf987db177/element {'using': 'css selector', 'value': '[id="ctl00_ctl00_ctl00_MainContent_ConteudoPlaceHolder_tbPesquisa_tbMensagens_ckApenasNaoLidasMSG"]'}
2024-12-02 16:16:46,172 - DEBUG - http://localhost:50756 "POST /session/504e51988ab4de40ef055cdf987db177/element HTTP/11" 200 0
2024-12-02 16:16:46,172 - DEBUG - Remote response: status=200 | data={"value":{"element-6066-11e4-a52e-4f735466cecf":"f.723E1FD4B2F9A19B22F300EACAC5C3C1.d.C275A81884E7369CB3E74140044799BD.e.49"}} | headers=HTTPHeaderDict({'Content-Length': '126', 'Content-Type': 'application/json; charset=utf-8', 'cache-control': 'no-cache'})
2024-12-02 16:16:46,172 - DEBUG - Finished Request
2024-12-02 16:16:46,172 - DEBUG - POST http://localhost:50756/session/504e51988ab4de40ef055cdf987db177/element/f.723E1FD4B2F9A19B22F300EACAC5C3C1.d.C275A81884E7369CB3E74140044799BD.e.49/click {}
2024-12-02 16:16:46,262 - DEBUG - http://localhost:50756 "POST /session/504e51988ab4de40ef055cdf987db177/element/f.723E1FD4B2F9A19B22F300EACAC5C3C1.d.C275A81884E7369CB3E74140044799BD.e.49/click HTTP/11" 200 0
2024-12-02 16:16:46,262 - DEBUG - Remote response: status=200 | data={"value":null} | headers=HTTPHeaderDict({'Content-Length': '14', 'Content-Type': 'application/json; charset=utf-8', 'cache-control': 'no-cache'})
2024-12-02 16:16:46,262 - DEBUG - Finished Request
2024-12-02 16:16:46,262 - DEBUG - POST http://localhost:50756/session/504e51988ab4de40ef055cdf987db177/element {'using': 'css selector', 'value': '[id="ctl00_ctl00_ctl00_MainContent_ConteudoPlaceHolder_linkPesquisar"]'}
2024-12-02 16:16:46,277 - DEBUG - http://localhost:50756 "POST /session/504e51988ab4de40ef055cdf987db177/element HTTP/11" 200 0
2024-12-02 16:16:46,277 - DEBUG - Remote response: status=200 | data={"value":{"element-6066-11e4-a52e-4f735466cecf":"f.723E1FD4B2F9A19B22F300EACAC5C3C1.d.C275A81884E7369CB3E74140044799BD.e.78"}} | headers=HTTPHeaderDict({'Content-Length': '126', 'Content-Type': 'application/json; charset=utf-8', 'cache-control': 'no-cache'})
2024-12-02 16:16:46,278 - DEBUG - Finished Request
2024-12-02 16:16:46,278 - DEBUG - POST http://localhost:50756/session/504e51988ab4de40ef055cdf987db177/element/f.723E1FD4B2F9A19B22F300EACAC5C3C1.d.C275A81884E7369CB3E74140044799BD.e.78/click {}
2024-12-02 16:16:47,410 - DEBUG - http://localhost:50756 "POST /session/504e51988ab4de40ef055cdf987db177/element/f.723E1FD4B2F9A19B22F300EACAC5C3C1.d.C275A81884E7369CB3E74140044799BD.e.78/click HTTP/11" 200 0
2024-12-02 16:16:47,411 - DEBUG - Remote response: status=200 | data={"value":null} | headers=HTTPHeaderDict({'Content-Length': '14', 'Content-Type': 'application/json; charset=utf-8', 'cache-control': 'no-cache'})
2024-12-02 16:16:47,411 - DEBUG - Finished Request
2024-12-02 16:16:47,411 - DEBUG - POST http://localhost:50756/session/504e51988ab4de40ef055cdf987db177/element {'using': 'xpath', 'value': "//span[@id='ctl00_ctl00_ctl00_MainContent_ConteudoPlaceHolder_GridView1_ctl13_UCPaginacao_TotalEncon..."}
2024-12-02 16:16:47,425 - DEBUG - http://localhost:50756 "POST /session/504e51988ab4de40ef055cdf987db177/element HTTP/11" 200 0
2024-12-02 16:16:47,425 - DEBUG - Remote response: status=200 | data={"value":{"element-6066-11e4-a52e-4f735466cecf":"f.723E1FD4B2F9A19B22F300EACAC5C3C1.d.08605D03DDC5845C487EFC2618C51C3E.e.142"}} | headers=HTTPHeaderDict({'Content-Length': '127', 'Content-Type': 'application/json; charset=utf-8', 'cache-control': 'no-cache'})
2024-12-02 16:16:47,425 - DEBUG - Finished Request
2024-12-02 16:16:47,433 - DEBUG - GET http://localhost:50756/session/504e51988ab4de40ef055cdf987db177/element/f.723E1FD4B2F9A19B22F300EACAC5C3C1.d.08605D03DDC5845C487EFC2618C51C3E.e.142/text {}
2024-12-02 16:16:47,455 - DEBUG - http://localhost:50756 "GET /session/504e51988ab4de40ef055cdf987db177/element/f.723E1FD4B2F9A19B22F300EACAC5C3C1.d.08605D03DDC5845C487EFC2618C51C3E.e.142/text HTTP/11" 200 0
2024-12-02 16:16:47,456 - DEBUG - Remote response: status=200 | data={"value":"489"} | headers=HTTPHeaderDict({'Content-Length': '15', 'Content-Type': 'application/json; charset=utf-8', 'cache-control': 'no-cache'})
2024-12-02 16:16:47,456 - DEBUG - Finished Request
2024-12-02 16:16:55,457 - DEBUG - POST http://localhost:50756/session/504e51988ab4de40ef055cdf987db177/elements {'using': 'xpath', 'value': "//table[@id='ctl00_ctl00_ctl00_MainContent_ConteudoPlaceHolder_GridView1']//tr"}
2024-12-02 16:16:55,550 - DEBUG - http://localhost:50756 "POST /session/504e51988ab4de40ef055cdf987db177/elements HTTP/11" 200 0
2024-12-02 16:16:55,550 - DEBUG - Remote response: status=200 | data={"value":[{"element-6066-11e4-a52e-4f735466cecf":"f.723E1FD4B2F9A19B22F300EACAC5C3C1.d.08605D03DDC5845C487EFC2618C51C3E.e.145"},{"element-6066-11e4-a52e-4f735466cecf":"f.723E1FD4B2F9A19B22F300EACAC5C3C1.d.08605D03DDC5845C487EFC2618C51C3E.e.146"},{"element-6066-11e4-a52e-4f735466cecf":"f.723E1FD4B2F9A19B22F300EACAC5C3C1.d.08605D03DDC5845C487EFC2618C51C3E.e.147"},{"element-6066-11e4-a52e-4f735466cecf":"f.723E1FD4B2F9A19B22F300EACAC5C3C1.d.08605D03DDC5845C487EFC2618C51C3E.e.148"},{"element-6066-11e4-a52e-4f735466cecf":"f.723E1FD4B2F9A19B22F300EACAC5C3C1.d.08605D03DDC5845C487EFC2618C51C3E.e.149"},{"element-6066-11e4-a52e-4f735466cecf":"f.723E1FD4B2F9A19B22F300EACAC5C3C1.d.08605D03DDC5845C487EFC2618C51C3E.e.150"},{"element-6066-11e4-a52e-4f735466cecf":"f.723E1FD4B2F9A19B22F300EACAC5C3C1.d.08605D03DDC5845C487EFC2618C51C3E.e.151"},{"element-6066-11e4-a52e-4f735466cecf":"f.723E1FD4B2F9A19B22F300EACAC5C3C1.d.08605D03DDC5845C487EFC2618C51C3E.e.152"},{"element-6066-11e4-a52e-4f735466cecf":"f.723E1FD4B2F9A19B22F300EACAC5C3C1.d.08605D03DDC5845C487EFC2618C51C3E.e.153"},{"element-6066-11e4-a52e-4f735466cecf":"f.723E1FD4B2F9A19B22F300EACAC5C3C1.d.08605D03DDC5845C487EFC2618C51C3E.e.154"},{"element-6066-11e4-a52e-4f735466cecf":"f.723E1FD4B2F9A19B22F300EACAC5C3C1.d.08605D03DDC5845C487EFC2618C51C3E.e.155"},{"element-6066-11e4-a52e-4f735466cecf":"f.723E1FD4B2F9A19B22F300EACAC5C3C1.d.08605D03DDC5845C487EFC2618C51C3E.e.156"},{"element-6066-11e4-a52e-4f735466cecf":"f.723E1FD4B2F9A19B22F300EACAC5C3C1.d.08605D03DDC5845C487EFC2618C51C3E.e.157"},{"element-6066-11e4-a52e-4f735466cecf":"f.723E1FD4B2F9A19B22F300EACAC5C3C1.d.08605D03DDC5845C487EFC2618C51C3E.e.158"}]} | headers=HTTPHeaderDict({'Content-Length': '1663', 'Content-Type': 'application/json; charset=utf-8', 'cache-control': 'no-cache'})
2024-12-02 16:16:55,550 - DEBUG - Finished Request
2024-12-02 16:16:55,550 - DEBUG - POST http://localhost:50756/session/504e51988ab4de40ef055cdf987db177/element {'using': 'xpath', 'value': ".//td[contains(@class, 'QuebraPalavra')]"}
2024-12-02 16:16:55,650 - DEBUG - http://localhost:50756 "POST /session/504e51988ab4de40ef055cdf987db177/element HTTP/11" 200 0
2024-12-02 16:16:55,658 - DEBUG - Remote response: status=200 | data={"value":{"element-6066-11e4-a52e-4f735466cecf":"f.723E1FD4B2F9A19B22F300EACAC5C3C1.d.08605D03DDC5845C487EFC2618C51C3E.e.159"}} | headers=HTTPHeaderDict({'Content-Length': '127', 'Content-Type': 'application/json; charset=utf-8', 'cache-control': 'no-cache'})
2024-12-02 16:16:55,658 - DEBUG - Finished Request
2024-12-02 16:16:55,658 - DEBUG - GET http://localhost:50756/session/504e51988ab4de40ef055cdf987db177/element/f.723E1FD4B2F9A19B22F300EACAC5C3C1.d.08605D03DDC5845C487EFC2618C51C3E.e.159/text {}
2024-12-02 16:16:55,717 - DEBUG - http://localhost:50756 "GET /session/504e51988ab4de40ef055cdf987db177/element/f.723E1FD4B2F9A19B22F300EACAC5C3C1.d.08605D03DDC5845C487EFC2618C51C3E.e.159/text HTTP/11" 200 0
2024-12-02 16:16:55,717 - DEBUG - Remote response: status=200 | data={"value":"SOLJUD 2024090083"} | headers=HTTPHeaderDict({'Content-Length': '29', 'Content-Type': 'application/json; charset=utf-8', 'cache-control': 'no-cache'})
2024-12-02 16:16:55,717 - DEBUG - Finished Request
2024-12-02 16:16:55,717 - DEBUG - POST http://localhost:50756/session/504e51988ab4de40ef055cdf987db177/element {'using': 'xpath', 'value': "//a[@class='lerCE']"}
2024-12-02 16:16:55,750 - DEBUG - http://localhost:50756 "POST /session/504e51988ab4de40ef055cdf987db177/element HTTP/11" 200 0
2024-12-02 16:16:55,750 - DEBUG - Remote response: status=200 | data={"value":{"element-6066-11e4-a52e-4f735466cecf":"f.723E1FD4B2F9A19B22F300EACAC5C3C1.d.08605D03DDC5845C487EFC2618C51C3E.e.160"}} | headers=HTTPHeaderDict({'Content-Length': '127', 'Content-Type': 'application/json; charset=utf-8', 'cache-control': 'no-cache'})
2024-12-02 16:16:55,750 - DEBUG - Finished Request
2024-12-02 16:16:55,750 - DEBUG - POST http://localhost:50756/session/504e51988ab4de40ef055cdf987db177/execute/sync {'script': 'arguments[0].scrollIntoView();', 'args': [{'element-6066-11e4-a52e-4f735466cecf': 'f.723E1FD4B2F9A19B22F300EACAC5C3C1.d.08605D03DDC5845C487EFC2618C51C3E.e.160'}]}
2024-12-02 16:16:55,789 - DEBUG - http://localhost:50756 "POST /session/504e51988ab4de40ef055cdf987db177/execute/sync HTTP/11" 200 0
2024-12-02 16:16:55,789 - DEBUG - Remote response: status=200 | data={"value":null} | headers=HTTPHeaderDict({'Content-Length': '14', 'Content-Type': 'application/json; charset=utf-8', 'cache-control': 'no-cache'})
2024-12-02 16:16:55,789 - DEBUG - Finished Request
2024-12-02 16:16:55,790 - DEBUG - POST http://localhost:50756/session/504e51988ab4de40ef055cdf987db177/element/f.723E1FD4B2F9A19B22F300EACAC5C3C1.d.08605D03DDC5845C487EFC2618C51C3E.e.160/click {}
2024-12-02 16:16:57,073 - DEBUG - http://localhost:50756 "POST /session/504e51988ab4de40ef055cdf987db177/element/f.723E1FD4B2F9A19B22F300EACAC5C3C1.d.08605D03DDC5845C487EFC2618C51C3E.e.160/click HTTP/11" 200 0
2024-12-02 16:16:57,073 - DEBUG - Remote response: status=200 | data={"value":null} | headers=HTTPHeaderDict({'Content-Length': '14', 'Content-Type': 'application/json; charset=utf-8', 'cache-control': 'no-cache'})
2024-12-02 16:16:57,077 - DEBUG - Finished Request
2024-12-02 16:17:05,078 - DEBUG - POST http://localhost:50756/session/504e51988ab4de40ef055cdf987db177/element {'using': 'xpath', 'value': "//span[@id='ctl00_ctl00_MainContent_ConteudoPlaceHolder_lblNumero']"}
2024-12-02 16:17:05,086 - DEBUG - http://localhost:50756 "POST /session/504e51988ab4de40ef055cdf987db177/element HTTP/11" 200 0
2024-12-02 16:17:05,086 - DEBUG - Remote response: status=200 | data={"value":{"element-6066-11e4-a52e-4f735466cecf":"f.723E1FD4B2F9A19B22F300EACAC5C3C1.d.CCE99F82515DC2341E9C3C9C8FB9F002.e.193"}} | headers=HTTPHeaderDict({'Content-Length': '127', 'Content-Type': 'application/json; charset=utf-8', 'cache-control': 'no-cache'})
2024-12-02 16:17:05,086 - DEBUG - Finished Request
2024-12-02 16:17:05,086 - DEBUG - GET http://localhost:50756/session/504e51988ab4de40ef055cdf987db177/element/f.723E1FD4B2F9A19B22F300EACAC5C3C1.d.CCE99F82515DC2341E9C3C9C8FB9F002.e.193/text {}
2024-12-02 16:17:05,104 - DEBUG - http://localhost:50756 "GET /session/504e51988ab4de40ef055cdf987db177/element/f.723E1FD4B2F9A19B22F300EACAC5C3C1.d.CCE99F82515DC2341E9C3C9C8FB9F002.e.193/text HTTP/11" 200 0
2024-12-02 16:17:05,104 - DEBUG - Remote response: status=200 | data={"value":"124354300"} | headers=HTTPHeaderDict({'Content-Length': '21', 'Content-Type': 'application/json; charset=utf-8', 'cache-control': 'no-cache'})
2024-12-02 16:17:05,104 - DEBUG - Finished Request
2024-12-02 16:17:05,104 - DEBUG - POST http://localhost:50756/session/504e51988ab4de40ef055cdf987db177/elements {'using': 'css selector', 'value': '.grdAnexo'}
2024-12-02 16:17:05,117 - DEBUG - http://localhost:50756 "POST /session/504e51988ab4de40ef055cdf987db177/elements HTTP/11" 200 0
2024-12-02 16:17:05,117 - DEBUG - Remote response: status=200 | data={"value":[{"element-6066-11e4-a52e-4f735466cecf":"f.723E1FD4B2F9A19B22F300EACAC5C3C1.d.CCE99F82515DC2341E9C3C9C8FB9F002.e.194"}]} | headers=HTTPHeaderDict({'Content-Length': '129', 'Content-Type': 'application/json; charset=utf-8', 'cache-control': 'no-cache'})
2024-12-02 16:17:05,117 - DEBUG - Finished Request
2024-12-02 16:17:05,117 - DEBUG - POST http://localhost:50756/session/504e51988ab4de40ef055cdf987db177/element/f.723E1FD4B2F9A19B22F300EACAC5C3C1.d.CCE99F82515DC2341E9C3C9C8FB9F002.e.194/elements {'using': 'css selector', 'value': '.QuebraPalavra'}
2024-12-02 16:17:05,132 - DEBUG - http://localhost:50756 "POST /session/504e51988ab4de40ef055cdf987db177/element/f.723E1FD4B2F9A19B22F300EACAC5C3C1.d.CCE99F82515DC2341E9C3C9C8FB9F002.e.194/elements HTTP/11" 200 0
2024-12-02 16:17:05,132 - DEBUG - Remote response: status=200 | data={"value":[{"element-6066-11e4-a52e-4f735466cecf":"f.723E1FD4B2F9A19B22F300EACAC5C3C1.d.CCE99F82515DC2341E9C3C9C8FB9F002.e.195"}]} | headers=HTTPHeaderDict({'Content-Length': '129', 'Content-Type': 'application/json; charset=utf-8', 'cache-control': 'no-cache'})
2024-12-02 16:17:05,132 - DEBUG - Finished Request
2024-12-02 16:17:05,132 - DEBUG - POST http://localhost:50756/session/504e51988ab4de40ef055cdf987db177/element/f.723E1FD4B2F9A19B22F300EACAC5C3C1.d.CCE99F82515DC2341E9C3C9C8FB9F002.e.195/click {}
2024-12-02 16:17:05,442 - DEBUG - http://localhost:50756 "POST /session/504e51988ab4de40ef055cdf987db177/element/f.723E1FD4B2F9A19B22F300EACAC5C3C1.d.CCE99F82515DC2341E9C3C9C8FB9F002.e.195/click HTTP/11" 200 0
2024-12-02 16:17:05,442 - DEBUG - Remote response: status=200 | data={"value":null} | headers=HTTPHeaderDict({'Content-Length': '14', 'Content-Type': 'application/json; charset=utf-8', 'cache-control': 'no-cache'})
2024-12-02 16:17:05,442 - DEBUG - Finished Request
2024-12-02 16:17:23,408 - DEBUG - ['\\\\ibc124\\PROJETO_RPA\\Robôs\\RB_BC_03\\_internal\\Tesseract-OCR\\tesseract.exe', 'C:\\Users\\5019508\\AppData\\Local\\Temp\\tess_lx3a67om_input.PNG', 'C:\\Users\\5019508\\AppData\\Local\\Temp\\tess_lx3a67om', '--oem', '3', '--psm', '6', 'txt']
2024-12-02 16:17:30,699 - DEBUG - POST http://localhost:50756/session/504e51988ab4de40ef055cdf987db177/back {}
2024-12-02 16:17:30,823 - DEBUG - http://localhost:50756 "POST /session/504e51988ab4de40ef055cdf987db177/back HTTP/11" 200 0
2024-12-02 16:17:30,824 - DEBUG - Remote response: status=200 | data={"value":null} | headers=HTTPHeaderDict({'Content-Length': '14', 'Content-Type': 'application/json; charset=utf-8', 'cache-control': 'no-cache'})
2024-12-02 16:17:30,824 - DEBUG - Finished Request
2024-12-02 16:17:30,824 - DEBUG - POST http://localhost:50756/session/504e51988ab4de40ef055cdf987db177/refresh {}
2024-12-02 16:17:31,829 - DEBUG - http://localhost:50756 "POST /session/504e51988ab4de40ef055cdf987db177/refresh HTTP/11" 200 0
2024-12-02 16:17:31,830 - DEBUG - Remote response: status=200 | data={"value":null} | headers=HTTPHeaderDict({'Content-Length': '14', 'Content-Type': 'application/json; charset=utf-8', 'cache-control': 'no-cache'})
2024-12-02 16:17:31,831 - DEBUG - Finished Request
2024-12-02 16:17:39,831 - DEBUG - GET http://localhost:50756/session/504e51988ab4de40ef055cdf987db177/alert/text {}
2024-12-02 16:17:39,842 - DEBUG - http://localhost:50756 "GET /session/504e51988ab4de40ef055cdf987db177/alert/text HTTP/11" 404 0
2024-12-02 16:17:39,842 - DEBUG - Remote response: status=404 | data={"value":{"error":"no such alert","message":"no such alert\n  (Session info: chrome=131.0.6778.86)","stacktrace":"\tGetHandleVerifier [0x00007FF60E822775+28773]\n\t(No symbol) [0x00007FF60E78AFB0]\n\t(No symbol) [0x00007FF60E625359]\n\t(No symbol) [0x00007FF60E615884]\n\t(No symbol) [0x00007FF60E63A301]\n\t(No symbol) [0x00007FF60E64A987]\n\t(No symbol) [0x00007FF60E69F04D]\n\t(No symbol) [0x00007FF60E64A805]\n\t(No symbol) [0x00007FF60E69ED43]\n\t(No symbol) [0x00007FF60E66A548]\n\t(No symbol) [0x00007FF60E66B6B1]\n\tGetHandleVerifier [0x00007FF60EB4F45D+3358029]\n\tGetHandleVerifier [0x00007FF60EB6430D+3443709]\n\tGetHandleVerifier [0x00007FF60EB583FD+3394797]\n\tGetHandleVerifier [0x00007FF60E8E929B+842635]\n\t(No symbol) [0x00007FF60E79654F]\n\t(No symbol) [0x00007FF60E791FA4]\n\t(No symbol) [0x00007FF60E79213D]\n\t(No symbol) [0x00007FF60E781629]\n\tBaseThreadInitThunk [0x00007FFC43B0259D+29]\n\tRtlUserThreadStart [0x00007FFC45D2AF38+40]\n"}} | headers=HTTPHeaderDict({'Content-Length': '961', 'Content-Type': 'application/json; charset=utf-8', 'cache-control': 'no-cache'})
2024-12-02 16:17:39,842 - DEBUG - Finished Request
2024-12-02 16:17:39,842 - DEBUG - POST http://localhost:50756/session/504e51988ab4de40ef055cdf987db177/element {'using': 'xpath', 'value': ".//td[contains(@class, 'QuebraPalavra')]"}
2024-12-02 16:17:39,849 - DEBUG - http://localhost:50756 "POST /session/504e51988ab4de40ef055cdf987db177/element HTTP/11" 200 0
2024-12-02 16:17:39,849 - DEBUG - Remote response: status=200 | data={"value":{"element-6066-11e4-a52e-4f735466cecf":"f.723E1FD4B2F9A19B22F300EACAC5C3C1.d.AB11DD715B681648D2A7F955E7BAC772.e.272"}} | headers=HTTPHeaderDict({'Content-Length': '127', 'Content-Type': 'application/json; charset=utf-8', 'cache-control': 'no-cache'})
2024-12-02 16:17:39,849 - DEBUG - Finished Request
2024-12-02 16:17:39,849 - DEBUG - GET http://localhost:50756/session/504e51988ab4de40ef055cdf987db177/element/f.723E1FD4B2F9A19B22F300EACAC5C3C1.d.AB11DD715B681648D2A7F955E7BAC772.e.272/text {}
2024-12-02 16:17:39,861 - DEBUG - http://localhost:50756 "GET /session/504e51988ab4de40ef055cdf987db177/element/f.723E1FD4B2F9A19B22F300EACAC5C3C1.d.AB11DD715B681648D2A7F955E7BAC772.e.272/text HTTP/11" 200 0
2024-12-02 16:17:39,861 - DEBUG - Remote response: status=200 | data={"value":"SOLJUD 2024090006"} | headers=HTTPHeaderDict({'Content-Length': '29', 'Content-Type': 'application/json; charset=utf-8', 'cache-control': 'no-cache'})
2024-12-02 16:17:39,861 - DEBUG - Finished Request
2024-12-02 16:17:39,861 - DEBUG - POST http://localhost:50756/session/504e51988ab4de40ef055cdf987db177/element {'using': 'xpath', 'value': "//a[@class='lerCE']"}
2024-12-02 16:17:39,861 - DEBUG - http://localhost:50756 "POST /session/504e51988ab4de40ef055cdf987db177/element HTTP/11" 200 0
2024-12-02 16:17:39,861 - DEBUG - Remote response: status=200 | data={"value":{"element-6066-11e4-a52e-4f735466cecf":"f.723E1FD4B2F9A19B22F300EACAC5C3C1.d.AB11DD715B681648D2A7F955E7BAC772.e.273"}} | headers=HTTPHeaderDict({'Content-Length': '127', 'Content-Type': 'application/json; charset=utf-8', 'cache-control': 'no-cache'})
2024-12-02 16:17:39,861 - DEBUG - Finished Request
2024-12-02 16:17:39,861 - DEBUG - POST http://localhost:50756/session/504e51988ab4de40ef055cdf987db177/execute/sync {'script': 'arguments[0].scrollIntoView();', 'args': [{'element-6066-11e4-a52e-4f735466cecf': 'f.723E1FD4B2F9A19B22F300EACAC5C3C1.d.AB11DD715B681648D2A7F955E7BAC772.e.273'}]}
2024-12-02 16:17:39,883 - DEBUG - http://localhost:50756 "POST /session/504e51988ab4de40ef055cdf987db177/execute/sync HTTP/11" 200 0
2024-12-02 16:17:39,883 - DEBUG - Remote response: status=200 | data={"value":null} | headers=HTTPHeaderDict({'Content-Length': '14', 'Content-Type': 'application/json; charset=utf-8', 'cache-control': 'no-cache'})
2024-12-02 16:17:39,883 - DEBUG - Finished Request
2024-12-02 16:17:39,883 - DEBUG - POST http://localhost:50756/session/504e51988ab4de40ef055cdf987db177/element/f.723E1FD4B2F9A19B22F300EACAC5C3C1.d.AB11DD715B681648D2A7F955E7BAC772.e.273/click {}
2024-12-02 16:17:40,522 - DEBUG - http://localhost:50756 "POST /session/504e51988ab4de40ef055cdf987db177/element/f.723E1FD4B2F9A19B22F300EACAC5C3C1.d.AB11DD715B681648D2A7F955E7BAC772.e.273/click HTTP/11" 200 0
2024-12-02 16:17:40,523 - DEBUG - Remote response: status=200 | data={"value":null} | headers=HTTPHeaderDict({'Content-Length': '14', 'Content-Type': 'application/json; charset=utf-8', 'cache-control': 'no-cache'})
2024-12-02 16:17:40,523 - DEBUG - Finished Request
2024-12-02 16:17:48,524 - DEBUG - POST http://localhost:50756/session/504e51988ab4de40ef055cdf987db177/element {'using': 'xpath', 'value': "//span[@id='ctl00_ctl00_MainContent_ConteudoPlaceHolder_lblNumero']"}
2024-12-02 16:17:48,531 - DEBUG - http://localhost:50756 "POST /session/504e51988ab4de40ef055cdf987db177/element HTTP/11" 200 0
2024-12-02 16:17:48,531 - DEBUG - Remote response: status=200 | data={"value":{"element-6066-11e4-a52e-4f735466cecf":"f.723E1FD4B2F9A19B22F300EACAC5C3C1.d.0A05C0C33451F2B950B43B83EDE311F9.e.307"}} | headers=HTTPHeaderDict({'Content-Length': '127', 'Content-Type': 'application/json; charset=utf-8', 'cache-control': 'no-cache'})
2024-12-02 16:17:48,531 - DEBUG - Finished Request
2024-12-02 16:17:48,531 - DEBUG - GET http://localhost:50756/session/504e51988ab4de40ef055cdf987db177/element/f.723E1FD4B2F9A19B22F300EACAC5C3C1.d.0A05C0C33451F2B950B43B83EDE311F9.e.307/text {}
2024-12-02 16:17:48,540 - DEBUG - http://localhost:50756 "GET /session/504e51988ab4de40ef055cdf987db177/element/f.723E1FD4B2F9A19B22F300EACAC5C3C1.d.0A05C0C33451F2B950B43B83EDE311F9.e.307/text HTTP/11" 200 0
2024-12-02 16:17:48,540 - DEBUG - Remote response: status=200 | data={"value":"124354301"} | headers=HTTPHeaderDict({'Content-Length': '21', 'Content-Type': 'application/json; charset=utf-8', 'cache-control': 'no-cache'})
2024-12-02 16:17:48,544 - DEBUG - Finished Request
2024-12-02 16:17:48,544 - DEBUG - POST http://localhost:50756/session/504e51988ab4de40ef055cdf987db177/elements {'using': 'css selector', 'value': '.grdAnexo'}
2024-12-02 16:17:48,552 - DEBUG - http://localhost:50756 "POST /session/504e51988ab4de40ef055cdf987db177/elements HTTP/11" 200 0
2024-12-02 16:17:48,552 - DEBUG - Remote response: status=200 | data={"value":[{"element-6066-11e4-a52e-4f735466cecf":"f.723E1FD4B2F9A19B22F300EACAC5C3C1.d.0A05C0C33451F2B950B43B83EDE311F9.e.308"}]} | headers=HTTPHeaderDict({'Content-Length': '129', 'Content-Type': 'application/json; charset=utf-8', 'cache-control': 'no-cache'})
2024-12-02 16:17:48,552 - DEBUG - Finished Request
2024-12-02 16:17:48,552 - DEBUG - POST http://localhost:50756/session/504e51988ab4de40ef055cdf987db177/element/f.723E1FD4B2F9A19B22F300EACAC5C3C1.d.0A05C0C33451F2B950B43B83EDE311F9.e.308/elements {'using': 'css selector', 'value': '.QuebraPalavra'}
2024-12-02 16:17:48,552 - DEBUG - http://localhost:50756 "POST /session/504e51988ab4de40ef055cdf987db177/element/f.723E1FD4B2F9A19B22F300EACAC5C3C1.d.0A05C0C33451F2B950B43B83EDE311F9.e.308/elements HTTP/11" 200 0
2024-12-02 16:17:48,552 - DEBUG - Remote response: status=200 | data={"value":[{"element-6066-11e4-a52e-4f735466cecf":"f.723E1FD4B2F9A19B22F300EACAC5C3C1.d.0A05C0C33451F2B950B43B83EDE311F9.e.309"}]} | headers=HTTPHeaderDict({'Content-Length': '129', 'Content-Type': 'application/json; charset=utf-8', 'cache-control': 'no-cache'})
2024-12-02 16:17:48,552 - DEBUG - Finished Request
2024-12-02 16:17:48,567 - DEBUG - POST http://localhost:50756/session/504e51988ab4de40ef055cdf987db177/element/f.723E1FD4B2F9A19B22F300EACAC5C3C1.d.0A05C0C33451F2B950B43B83EDE311F9.e.309/click {}
2024-12-02 16:17:48,756 - DEBUG - http://localhost:50756 "POST /session/504e51988ab4de40ef055cdf987db177/element/f.723E1FD4B2F9A19B22F300EACAC5C3C1.d.0A05C0C33451F2B950B43B83EDE311F9.e.309/click HTTP/11" 200 0
2024-12-02 16:17:48,757 - DEBUG - Remote response: status=200 | data={"value":null} | headers=HTTPHeaderDict({'Content-Length': '14', 'Content-Type': 'application/json; charset=utf-8', 'cache-control': 'no-cache'})
2024-12-02 16:17:48,757 - DEBUG - Finished Request
2024-12-02 16:18:06,198 - DEBUG - ['\\\\ibc124\\PROJETO_RPA\\Robôs\\RB_BC_03\\_internal\\Tesseract-OCR\\tesseract.exe', 'C:\\Users\\5019508\\AppData\\Local\\Temp\\tess_03mhtur0_input.PNG', 'C:\\Users\\5019508\\AppData\\Local\\Temp\\tess_03mhtur0', '--oem', '3', '--psm', '6', 'txt']
2024-12-02 16:18:13,108 - DEBUG - ['\\\\ibc124\\PROJETO_RPA\\Robôs\\RB_BC_03\\_internal\\Tesseract-OCR\\tesseract.exe', 'C:\\Users\\5019508\\AppData\\Local\\Temp\\tess_pfv42ugh_input.PNG', 'C:\\Users\\5019508\\AppData\\Local\\Temp\\tess_pfv42ugh', '--oem', '3', '--psm', '6', 'txt']
2024-12-02 16:18:14,374 - DEBUG - ['\\\\ibc124\\PROJETO_RPA\\Robôs\\RB_BC_03\\_internal\\Tesseract-OCR\\tesseract.exe', 'C:\\Users\\5019508\\AppData\\Local\\Temp\\tess_k18uwx2p_input.PNG', 'C:\\Users\\5019508\\AppData\\Local\\Temp\\tess_k18uwx2p', '--oem', '3', '--psm', '6', 'txt']
2024-12-02 16:18:15,841 - DEBUG - ['\\\\ibc124\\PROJETO_RPA\\Robôs\\RB_BC_03\\_internal\\Tesseract-OCR\\tesseract.exe', 'C:\\Users\\5019508\\AppData\\Local\\Temp\\tess_x27l9hf6_input.PNG', 'C:\\Users\\5019508\\AppData\\Local\\Temp\\tess_x27l9hf6', '--oem', '3', '--psm', '6', 'txt']
2024-12-02 16:18:16,793 - DEBUG - ['\\\\ibc124\\PROJETO_RPA\\Robôs\\RB_BC_03\\_internal\\Tesseract-OCR\\tesseract.exe', 'C:\\Users\\5019508\\AppData\\Local\\Temp\\tess_ms8viryu_input.PNG', 'C:\\Users\\5019508\\AppData\\Local\\Temp\\tess_ms8viryu', '--oem', '3', '--psm', '6', 'txt']
2024-12-02 16:18:19,076 - DEBUG - ['\\\\ibc124\\PROJETO_RPA\\Robôs\\RB_BC_03\\_internal\\Tesseract-OCR\\tesseract.exe', 'C:\\Users\\5019508\\AppData\\Local\\Temp\\tess_g0xaa3g1_input.PNG', 'C:\\Users\\5019508\\AppData\\Local\\Temp\\tess_g0xaa3g1', '--oem', '3', '--psm', '6', 'txt']
2024-12-02 16:18:20,973 - DEBUG - ['\\\\ibc124\\PROJETO_RPA\\Robôs\\RB_BC_03\\_internal\\Tesseract-OCR\\tesseract.exe', 'C:\\Users\\5019508\\AppData\\Local\\Temp\\tess_bh27ilol_input.PNG', 'C:\\Users\\5019508\\AppData\\Local\\Temp\\tess_bh27ilol', '--oem', '3', '--psm', '6', 'txt']
2024-12-02 16:18:22,824 - DEBUG - ['\\\\ibc124\\PROJETO_RPA\\Robôs\\RB_BC_03\\_internal\\Tesseract-OCR\\tesseract.exe', 'C:\\Users\\5019508\\AppData\\Local\\Temp\\tess_3uwq4e8d_input.PNG', 'C:\\Users\\5019508\\AppData\\Local\\Temp\\tess_3uwq4e8d', '--oem', '3', '--psm', '6', 'txt']
2024-12-02 16:18:24,584 - DEBUG - ['\\\\ibc124\\PROJETO_RPA\\Robôs\\RB_BC_03\\_internal\\Tesseract-OCR\\tesseract.exe', 'C:\\Users\\5019508\\AppData\\Local\\Temp\\tess_ybwwyruo_input.PNG', 'C:\\Users\\5019508\\AppData\\Local\\Temp\\tess_ybwwyruo', '--oem', '3', '--psm', '6', 'txt']
2024-12-02 16:18:25,835 - DEBUG - ['\\\\ibc124\\PROJETO_RPA\\Robôs\\RB_BC_03\\_internal\\Tesseract-OCR\\tesseract.exe', 'C:\\Users\\5019508\\AppData\\Local\\Temp\\tess_b2hmfbbj_input.PNG', 'C:\\Users\\5019508\\AppData\\Local\\Temp\\tess_b2hmfbbj', '--oem', '3', '--psm', '6', 'txt']
2024-12-02 16:18:28,739 - DEBUG - ['\\\\ibc124\\PROJETO_RPA\\Robôs\\RB_BC_03\\_internal\\Tesseract-OCR\\tesseract.exe', 'C:\\Users\\5019508\\AppData\\Local\\Temp\\tess_mrtbz4r2_input.PNG', 'C:\\Users\\5019508\\AppData\\Local\\Temp\\tess_mrtbz4r2', '--oem', '3', '--psm', '6', 'txt']
2024-12-02 16:18:33,972 - DEBUG - POST http://localhost:50756/session/504e51988ab4de40ef055cdf987db177/back {}
2024-12-02 16:18:34,075 - DEBUG - http://localhost:50756 "POST /session/504e51988ab4de40ef055cdf987db177/back HTTP/11" 200 0
2024-12-02 16:18:34,075 - DEBUG - Remote response: status=200 | data={"value":null} | headers=HTTPHeaderDict({'Content-Length': '14', 'Content-Type': 'application/json; charset=utf-8', 'cache-control': 'no-cache'})
2024-12-02 16:18:34,075 - DEBUG - Finished Request
2024-12-02 16:18:34,075 - DEBUG - POST http://localhost:50756/session/504e51988ab4de40ef055cdf987db177/refresh {}
2024-12-02 16:18:35,123 - DEBUG - http://localhost:50756 "POST /session/504e51988ab4de40ef055cdf987db177/refresh HTTP/11" 200 0
2024-12-02 16:18:35,124 - DEBUG - Remote response: status=200 | data={"value":null} | headers=HTTPHeaderDict({'Content-Length': '14', 'Content-Type': 'application/json; charset=utf-8', 'cache-control': 'no-cache'})
2024-12-02 16:18:35,124 - DEBUG - Finished Request
2024-12-02 16:18:43,125 - DEBUG - GET http://localhost:50756/session/504e51988ab4de40ef055cdf987db177/alert/text {}
2024-12-02 16:18:43,125 - DEBUG - http://localhost:50756 "GET /session/504e51988ab4de40ef055cdf987db177/alert/text HTTP/11" 404 0
2024-12-02 16:18:43,125 - DEBUG - Remote response: status=404 | data={"value":{"error":"no such window","message":"no such window: target window already closed\nfrom unknown error: web view not found\n  (Session info: chrome=131.0.6778.86)","stacktrace":"\tGetHandleVerifier [0x00007FF60E822775+28773]\n\t(No symbol) [0x00007FF60E78AFB0]\n\t(No symbol) [0x00007FF60E62552A]\n\t(No symbol) [0x00007FF60E5FF2B5]\n\t(No symbol) [0x00007FF60E6A5FD7]\n\t(No symbol) [0x00007FF60E64A456]\n\t(No symbol) [0x00007FF60E69ED43]\n\t(No symbol) [0x00007FF60E66A548]\n\t(No symbol) [0x00007FF60E66B6B1]\n\tGetHandleVerifier [0x00007FF60EB4F45D+3358029]\n\tGetHandleVerifier [0x00007FF60EB6430D+3443709]\n\tGetHandleVerifier [0x00007FF60EB583FD+3394797]\n\tGetHandleVerifier [0x00007FF60E8E929B+842635]\n\t(No symbol) [0x00007FF60E79654F]\n\t(No symbol) [0x00007FF60E791FA4]\n\t(No symbol) [0x00007FF60E79213D]\n\t(No symbol) [0x00007FF60E781629]\n\tBaseThreadInitThunk [0x00007FFC43B0259D+29]\n\tRtlUserThreadStart [0x00007FFC45D2AF38+40]\n"}} | headers=HTTPHeaderDict({'Content-Length': '961', 'Content-Type': 'application/json; charset=utf-8', 'cache-control': 'no-cache'})
2024-12-02 16:18:43,125 - DEBUG - Finished Request
2024-12-02 16:18:43,125 - DEBUG - POST http://localhost:50756/session/504e51988ab4de40ef055cdf987db177/element {'using': 'xpath', 'value': ".//td[contains(@class, 'QuebraPalavra')]"}
2024-12-02 16:18:43,127 - DEBUG - http://localhost:50756 "POST /session/504e51988ab4de40ef055cdf987db177/element HTTP/11" 404 0
2024-12-02 16:18:43,127 - DEBUG - Remote response: status=404 | data={"value":{"error":"no such window","message":"no such window: target window already closed\nfrom unknown error: web view not found\n  (Session info: chrome=131.0.6778.86)","stacktrace":"\tGetHandleVerifier [0x00007FF60E822775+28773]\n\t(No symbol) [0x00007FF60E78AFB0]\n\t(No symbol) [0x00007FF60E62552A]\n\t(No symbol) [0x00007FF60E5FF2B5]\n\t(No symbol) [0x00007FF60E6A5FD7]\n\t(No symbol) [0x00007FF60E6BEA92]\n\t(No symbol) [0x00007FF60E69ED43]\n\t(No symbol) [0x00007FF60E66A548]\n\t(No symbol) [0x00007FF60E66B6B1]\n\tGetHandleVerifier [0x00007FF60EB4F45D+3358029]\n\tGetHandleVerifier [0x00007FF60EB6430D+3443709]\n\tGetHandleVerifier [0x00007FF60EB583FD+3394797]\n\tGetHandleVerifier [0x00007FF60E8E929B+842635]\n\t(No symbol) [0x00007FF60E79654F]\n\t(No symbol) [0x00007FF60E791FA4]\n\t(No symbol) [0x00007FF60E79213D]\n\t(No symbol) [0x00007FF60E781629]\n\tBaseThreadInitThunk [0x00007FFC43B0259D+29]\n\tRtlUserThreadStart [0x00007FFC45D2AF38+40]\n"}} | headers=HTTPHeaderDict({'Content-Length': '961', 'Content-Type': 'application/json; charset=utf-8', 'cache-control': 'no-cache'})
2024-12-02 16:18:43,127 - DEBUG - Finished Request
2024-12-02 16:18:43,127 - DEBUG - POST http://localhost:50756/session/504e51988ab4de40ef055cdf987db177/refresh {}
2024-12-02 16:18:43,129 - DEBUG - http://localhost:50756 "POST /session/504e51988ab4de40ef055cdf987db177/refresh HTTP/11" 404 0
2024-12-02 16:18:43,129 - DEBUG - Remote response: status=404 | data={"value":{"error":"no such window","message":"no such window: target window already closed\nfrom unknown error: web view not found\n  (Session info: chrome=131.0.6778.86)","stacktrace":"\tGetHandleVerifier [0x00007FF60E822775+28773]\n\t(No symbol) [0x00007FF60E78AFB0]\n\t(No symbol) [0x00007FF60E62552A]\n\t(No symbol) [0x00007FF60E5FF2B5]\n\t(No symbol) [0x00007FF60E6A5FD7]\n\t(No symbol) [0x00007FF60E6BEA92]\n\t(No symbol) [0x00007FF60E69ED43]\n\t(No symbol) [0x00007FF60E66A548]\n\t(No symbol) [0x00007FF60E66B6B1]\n\tGetHandleVerifier [0x00007FF60EB4F45D+3358029]\n\tGetHandleVerifier [0x00007FF60EB6430D+3443709]\n\tGetHandleVerifier [0x00007FF60EB583FD+3394797]\n\tGetHandleVerifier [0x00007FF60E8E929B+842635]\n\t(No symbol) [0x00007FF60E79654F]\n\t(No symbol) [0x00007FF60E791FA4]\n\t(No symbol) [0x00007FF60E79213D]\n\t(No symbol) [0x00007FF60E781629]\n\tBaseThreadInitThunk [0x00007FFC43B0259D+29]\n\tRtlUserThreadStart [0x00007FFC45D2AF38+40]\n"}} | headers=HTTPHeaderDict({'Content-Length': '961', 'Content-Type': 'application/json; charset=utf-8', 'cache-control': 'no-cache'})
2024-12-02 16:18:43,129 - DEBUG - Finished Request
2024-12-02 16:18:43,129 - ERROR - Ocorreu um erro: Message: no such window: target window already closed
from unknown error: web view not found
  (Session info: chrome=131.0.6778.86)
Stacktrace:
	GetHandleVerifier [0x00007FF60E822775+28773]
	(No symbol) [0x00007FF60E78AFB0]
	(No symbol) [0x00007FF60E62552A]
	(No symbol) [0x00007FF60E5FF2B5]
	(No symbol) [0x00007FF60E6A5FD7]
	(No symbol) [0x00007FF60E6BEA92]
	(No symbol) [0x00007FF60E69ED43]
	(No symbol) [0x00007FF60E66A548]
	(No symbol) [0x00007FF60E66B6B1]
	GetHandleVerifier [0x00007FF60EB4F45D+3358029]
	GetHandleVerifier [0x00007FF60EB6430D+3443709]
	GetHandleVerifier [0x00007FF60EB583FD+3394797]
	GetHandleVerifier [0x00007FF60E8E929B+842635]
	(No symbol) [0x00007FF60E79654F]
	(No symbol) [0x00007FF60E791FA4]
	(No symbol) [0x00007FF60E79213D]
	(No symbol) [0x00007FF60E781629]
	BaseThreadInitThunk [0x00007FFC43B0259D+29]
	RtlUserThreadStart [0x00007FFC45D2AF38+40]

